<?xml version="1.0" encoding="UTF-8"?>
<!-- Generated by org.testng.reporters.JUnitXMLReporter -->
<testsuite hostname="DESKTOP-TF6440N" ignored="0" name="Rest Api Regression Tests" tests="9" failures="0" timestamp="08 Jun 2021 17:50:10 GMT" time="21.723" errors="0">
  <testcase name="createUserAPIPOSTTest" time="8.806" classname="com.qa.api.gorest.tests.CreateUserTest"/>
  <testcase name="getAccountBlockStatusAPITest" time="1.146" classname="com.qa.api.gorest.tests.GetImgurAPITest"/>
  <testcase name="createUserAPIPOSTTest" time="1.5" classname="com.qa.api.gorest.tests.CreateUserTest"/>
  <testcase name="getAccountImageAPITest" time="1.06" classname="com.qa.api.gorest.tests.GetImgurAPITest"/>
  <testcase name="createUserAPIPOSTTest" time="1.514" classname="com.qa.api.gorest.tests.CreateUserTest"/>
  <testcase name="createUserAPIPOSTTest" time="1.49" classname="com.qa.api.gorest.tests.CreateUserTest"/>
  <testcase name="uploadImagePostAPITest" time="3.435" classname="com.qa.api.gorest.tests.GetImgurAPITest"/>
  <testcase name="getAllUserListAPITest" time="1.471" classname="com.qa.api.gorest.tests.GetUserTest"/>
  <testcase name="getUserWithQueryParamsAPITest" time="1.344" classname="com.qa.api.gorest.tests.GetUserTest"/>
</testsuite> <!-- Rest Api Regression Tests -->
