<?xml version="1.0" encoding="UTF-8"?>
<testng-results skipped="0" failed="0" ignored="0" total="9" passed="9">
  <reporter-output>
  </reporter-output>
  <suite name="Test Suite RESTAPI" duration-ms="21723" started-at="2021-06-08T17:49:49Z" finished-at="2021-06-08T17:50:10Z">
    <groups>
    </groups>
    <test name="Rest Api Regression Tests" duration-ms="21723" started-at="2021-06-08T17:49:49Z" finished-at="2021-06-08T17:50:10Z">
      <class name="com.qa.api.gorest.tests.CreateUserTest">
        <test-method status="PASS" signature="createUserAPIPOSTTest(java.lang.String, java.lang.String, java.lang.String, java.lang.String)[pri:0, instance:com.qa.api.gorest.tests.CreateUserTest@224b4d61]" name="createUserAPIPOSTTest" duration-ms="8806" started-at="2021-06-08T17:49:52Z" data-provider="getUserData" finished-at="2021-06-08T17:50:01Z">
          <params>
            <param index="0">
              <value>
                <![CDATA[Aditya A]]>
              </value>
            </param>
            <param index="1">
              <value>
                <![CDATA[adi1@test.com]]>
              </value>
            </param>
            <param index="2">
              <value>
                <![CDATA[Male]]>
              </value>
            </param>
            <param index="3">
              <value>
                <![CDATA[Active]]>
              </value>
            </param>
          </params>
          <reporter-output>
          </reporter-output>
        </test-method> <!-- createUserAPIPOSTTest -->
        <test-method status="PASS" signature="createUserAPIPOSTTest(java.lang.String, java.lang.String, java.lang.String, java.lang.String)[pri:0, instance:com.qa.api.gorest.tests.CreateUserTest@224b4d61]" name="createUserAPIPOSTTest" duration-ms="1500" started-at="2021-06-08T17:50:01Z" data-provider="getUserData" finished-at="2021-06-08T17:50:03Z">
          <params>
            <param index="0">
              <value>
                <![CDATA[Pallavi B]]>
              </value>
            </param>
            <param index="1">
              <value>
                <![CDATA[palla@test.com]]>
              </value>
            </param>
            <param index="2">
              <value>
                <![CDATA[Female]]>
              </value>
            </param>
            <param index="3">
              <value>
                <![CDATA[Inactive]]>
              </value>
            </param>
          </params>
          <reporter-output>
          </reporter-output>
        </test-method> <!-- createUserAPIPOSTTest -->
        <test-method status="PASS" signature="createUserAPIPOSTTest(java.lang.String, java.lang.String, java.lang.String, java.lang.String)[pri:0, instance:com.qa.api.gorest.tests.CreateUserTest@224b4d61]" name="createUserAPIPOSTTest" duration-ms="1514" started-at="2021-06-08T17:50:03Z" data-provider="getUserData" finished-at="2021-06-08T17:50:04Z">
          <params>
            <param index="0">
              <value>
                <![CDATA[Ramesh C]]>
              </value>
            </param>
            <param index="1">
              <value>
                <![CDATA[rema@test.com]]>
              </value>
            </param>
            <param index="2">
              <value>
                <![CDATA[Male]]>
              </value>
            </param>
            <param index="3">
              <value>
                <![CDATA[Active]]>
              </value>
            </param>
          </params>
          <reporter-output>
          </reporter-output>
        </test-method> <!-- createUserAPIPOSTTest -->
        <test-method status="PASS" signature="createUserAPIPOSTTest(java.lang.String, java.lang.String, java.lang.String, java.lang.String)[pri:0, instance:com.qa.api.gorest.tests.CreateUserTest@224b4d61]" name="createUserAPIPOSTTest" duration-ms="1490" started-at="2021-06-08T17:50:04Z" data-provider="getUserData" finished-at="2021-06-08T17:50:06Z">
          <params>
            <param index="0">
              <value>
                <![CDATA[Sambath D]]>
              </value>
            </param>
            <param index="1">
              <value>
                <![CDATA[sam@test.com]]>
              </value>
            </param>
            <param index="2">
              <value>
                <![CDATA[Male]]>
              </value>
            </param>
            <param index="3">
              <value>
                <![CDATA[Active]]>
              </value>
            </param>
          </params>
          <reporter-output>
          </reporter-output>
        </test-method> <!-- createUserAPIPOSTTest -->
      </class> <!-- com.qa.api.gorest.tests.CreateUserTest -->
      <class name="com.qa.api.gorest.tests.GetImgurAPITest">
        <test-method status="PASS" signature="setUp()[pri:0, instance:com.qa.api.gorest.tests.GetImgurAPITest@303e3593]" name="setUp" is-config="true" duration-ms="12229" started-at="2021-06-08T17:49:49Z" finished-at="2021-06-08T17:50:01Z">
          <reporter-output>
          </reporter-output>
        </test-method> <!-- setUp -->
        <test-method status="PASS" signature="getAccountBlockStatusAPITest()[pri:0, instance:com.qa.api.gorest.tests.GetImgurAPITest@303e3593]" name="getAccountBlockStatusAPITest" duration-ms="1146" started-at="2021-06-08T17:50:01Z" finished-at="2021-06-08T17:50:02Z">
          <reporter-output>
          </reporter-output>
        </test-method> <!-- getAccountBlockStatusAPITest -->
        <test-method status="PASS" signature="setUp()[pri:0, instance:com.qa.api.gorest.tests.GetImgurAPITest@303e3593]" name="setUp" is-config="true" duration-ms="349" started-at="2021-06-08T17:50:02Z" finished-at="2021-06-08T17:50:03Z">
          <reporter-output>
          </reporter-output>
        </test-method> <!-- setUp -->
        <test-method status="PASS" signature="getAccountImageAPITest()[pri:0, instance:com.qa.api.gorest.tests.GetImgurAPITest@303e3593]" name="getAccountImageAPITest" duration-ms="1060" started-at="2021-06-08T17:50:03Z" finished-at="2021-06-08T17:50:04Z">
          <reporter-output>
          </reporter-output>
        </test-method> <!-- getAccountImageAPITest -->
        <test-method status="PASS" signature="setUp()[pri:0, instance:com.qa.api.gorest.tests.GetImgurAPITest@303e3593]" name="setUp" is-config="true" duration-ms="329" started-at="2021-06-08T17:50:04Z" finished-at="2021-06-08T17:50:04Z">
          <reporter-output>
          </reporter-output>
        </test-method> <!-- setUp -->
        <test-method status="PASS" signature="uploadImagePostAPITest()[pri:0, instance:com.qa.api.gorest.tests.GetImgurAPITest@303e3593]" name="uploadImagePostAPITest" duration-ms="3435" started-at="2021-06-08T17:50:04Z" finished-at="2021-06-08T17:50:07Z">
          <reporter-output>
          </reporter-output>
        </test-method> <!-- uploadImagePostAPITest -->
      </class> <!-- com.qa.api.gorest.tests.GetImgurAPITest -->
      <class name="com.qa.api.gorest.tests.GetUserTest">
        <test-method status="PASS" signature="getAllUserListAPITest()[pri:1, instance:com.qa.api.gorest.tests.GetUserTest@5d5d9e5]" name="getAllUserListAPITest" duration-ms="1471" started-at="2021-06-08T17:50:08Z" finished-at="2021-06-08T17:50:09Z">
          <reporter-output>
          </reporter-output>
        </test-method> <!-- getAllUserListAPITest -->
        <test-method status="PASS" signature="getUserWithQueryParamsAPITest()[pri:2, instance:com.qa.api.gorest.tests.GetUserTest@5d5d9e5]" name="getUserWithQueryParamsAPITest" duration-ms="1344" started-at="2021-06-08T17:50:09Z" finished-at="2021-06-08T17:50:10Z">
          <reporter-output>
          </reporter-output>
        </test-method> <!-- getUserWithQueryParamsAPITest -->
      </class> <!-- com.qa.api.gorest.tests.GetUserTest -->
    </test> <!-- Rest Api Regression Tests -->
  </suite> <!-- Test Suite RESTAPI -->
</testng-results>
